<?xml version="1.0" encoding="UTF-8"?>
<testsuite name="hexlet.code.AppTest" tests="6" skipped="0" failures="0" errors="0" timestamp="2023-04-18T14:58:20" hostname="WIN-07UG22V4QVH" time="0.401">
  <properties/>
  <testcase name="JSON Test if 1st file doesn't exist" classname="hexlet.code.AppTest" time="0.022"/>
  <testcase name="YAML Test if 1st file doesn't exist" classname="hexlet.code.AppTest" time="0.001"/>
  <testcase name="JSON Test if 1 file is empty" classname="hexlet.code.AppTest" time="0.323"/>
  <testcase name="YAML Test if 1 file is empty" classname="hexlet.code.AppTest" time="0.045"/>
  <testcase name="JSON Test with 2 correct files" classname="hexlet.code.AppTest" time="0.003"/>
  <testcase name="YAML Test with 2 correct files" classname="hexlet.code.AppTest" time="0.005"/>
  <system-out><![CDATA[]]></system-out>
  <system-err><![CDATA[]]></system-err>
</testsuite>
